[22:03:12] [Server thread/INFO]: Starting minecraft server version 1.12
[22:03:12] [Server thread/WARN]: To start the server with more ram, launch it as "java -Xmx1024M -Xms1024M -jar minecraft_server.jar"
[22:03:12] [Server thread/INFO]: Loading properties
[22:03:12] [Server console handler/ERROR]: Exception handling console input
java.io.IOException: Неверный дескриптор
	at java.io.FileInputStream.readBytes(Native Method) ~[?:1.8.0_121]
	at java.io.FileInputStream.read(Unknown Source) ~[?:1.8.0_121]
	at java.io.BufferedInputStream.read1(Unknown Source) ~[?:1.8.0_121]
	at java.io.BufferedInputStream.read(Unknown Source) ~[?:1.8.0_121]
	at sun.nio.cs.StreamDecoder.readBytes(Unknown Source) ~[?:1.8.0_121]
	at sun.nio.cs.StreamDecoder.implRead(Unknown Source) ~[?:1.8.0_121]
	at sun.nio.cs.StreamDecoder.read(Unknown Source) ~[?:1.8.0_121]
	at java.io.InputStreamReader.read(Unknown Source) ~[?:1.8.0_121]
	at java.io.BufferedReader.fill(Unknown Source) ~[?:1.8.0_121]
	at java.io.BufferedReader.readLine(Unknown Source) ~[?:1.8.0_121]
	at java.io.BufferedReader.readLine(Unknown Source) ~[?:1.8.0_121]
	at nx$2.run(SourceFile:97) [minecraft_server.1.12.jar:?]
[22:03:12] [Server thread/INFO]: Default game type: SURVIVAL
[22:03:12] [Server thread/INFO]: Generating keypair
[22:03:13] [Server thread/INFO]: Starting Minecraft server on *:25565
[22:03:13] [Server thread/INFO]: Using default channel type
[22:03:13] [Server thread/WARN]: **** SERVER IS RUNNING IN OFFLINE/INSECURE MODE!
[22:03:13] [Server thread/WARN]: The server will make no attempt to authenticate usernames. Beware.
[22:03:13] [Server thread/WARN]: While this makes the game possible to play without internet access, it also opens up the ability for hackers to connect with any username they choose.
[22:03:13] [Server thread/WARN]: To change this, set "online-mode" to "true" in the server.properties file.
[22:03:13] [Server thread/INFO]: Preparing level "world"
[22:03:14] [Server thread/INFO]: Loaded 488 advancements
[22:03:14] [Server thread/INFO]: Preparing start region for level 0
[22:03:15] [Server thread/INFO]: Preparing spawn area: 7%
[22:03:16] [Server thread/INFO]: Preparing spawn area: 37%
[22:03:17] [Server thread/INFO]: Preparing spawn area: 66%
[22:03:17] [Server thread/WARN]: Keeping entity minecraft:chicken that already exists with UUID c7e55266-7942-4e78-b287-4108bf79c536
[22:03:18] [Server thread/INFO]: Preparing spawn area: 95%
[22:03:18] [Server thread/INFO]: Done (4,572s)! For help, type "help" or "?"
[22:09:17] [Server thread/INFO]: Stopping the server
[22:09:17] [Server thread/INFO]: Stopping server
[22:09:17] [Server thread/INFO]: Saving players
[22:09:17] [Server thread/INFO]: Saving worlds
[22:09:17] [Server thread/INFO]: Saving chunks for level 'world'/overworld
[22:09:18] [Server thread/INFO]: Saving chunks for level 'world'/the_nether
[22:09:18] [Server thread/INFO]: Saving chunks for level 'world'/the_end
[22:09:18] [Server Shutdown Thread/INFO]: Stopping server
[22:09:18] [Server Shutdown Thread/INFO]: Saving players
[22:09:18] [Server Shutdown Thread/INFO]: Saving worlds
[22:09:18] [Server Shutdown Thread/INFO]: Saving chunks for level 'world'/overworld
[22:09:18] [Server Shutdown Thread/INFO]: Saving chunks for level 'world'/the_nether
[22:09:18] [Server Shutdown Thread/INFO]: Saving chunks for level 'world'/the_end
